2026-04-06 14:33:06,764 [INFO] Discovering wallets from 6 seeds, target: 100
2026-04-06 14:33:17,276 [INFO]   Discovered 66 wallets so far...
2026-04-06 14:33:26,581 [INFO]   Discovered 113 wallets so far...
2026-04-06 14:33:26,582 [INFO] Discovery complete: 100 wallets found
2026-04-06 14:33:26,582 [INFO] Starting analysis of 100 wallets...
2026-04-06 14:33:26,584 [INFO] Analyzing wallet: Gx844Bgd...ELf7
2026-04-06 14:33:26,585 [INFO] Analyzing wallet: EHGNScKK...xy9p
2026-04-06 14:33:26,586 [INFO] Analyzing wallet: D6WbNcsF...vmRu
2026-04-06 14:33:26,587 [INFO] Analyzing wallet: 5phYDggu...Chcj
2026-04-06 14:33:27,912 [INFO] Analyzing wallet: AebC4EUC...2CBL
2026-04-06 14:33:36,987 [INFO] Analyzing wallet: JUPs5LZp...LSsh
2026-04-06 14:33:45,650 [INFO] Analyzing wallet: DMfkLi5W...c1x7
2026-04-06 14:33:46,690 [INFO] Analyzing wallet: E7Dz3H57...4XqC
2026-04-06 14:33:51,888 [INFO] Analyzing wallet: 72GgTxMo...XHtW
2026-04-06 14:33:52,252 [INFO] Analyzing wallet: Bua8zamu...6NLC
2026-04-06 14:34:01,719 [INFO] Analyzing wallet: GWYGy3RM...C14E
2026-04-06 14:34:03,747 [INFO] Analyzing wallet: 9n5xXtj4...DrGP
2026-04-06 14:34:12,188 [INFO] Analyzing wallet: J4Y7NJjP...ezAz
2026-04-06 14:34:15,627 [INFO] Analyzing wallet: 5dUr8rt3...8u9J
2026-04-06 14:34:16,152 [INFO] Analyzing wallet: 8tGcgiBg...V2mu
2026-04-06 14:34:16,365 [INFO] Analyzing wallet: 8fxe1qGo...CvpM
2026-04-06 14:34:25,472 [INFO] Analyzing wallet: 3Le8ZkQn...pump
2026-04-06 14:34:30,938 [INFO] Analyzing wallet: HcW2Uu8e...n2UJ
2026-04-06 14:34:41,157 [INFO] Analyzing wallet: AW8mZaKJ...s3SG
2026-04-06 14:34:41,207 [INFO] Analyzing wallet: F9fZreLY...P28C
2026-04-06 14:34:41,677 [INFO] Analyzing wallet: 7UbiUnSZ...Cray
2026-04-06 14:34:45,987 [INFO] Analyzing wallet: SysvarC1...1111
2026-04-06 14:34:50,499 [INFO] Analyzing wallet: EzmsHQ2Y...vYdD
2026-04-06 14:34:55,995 [INFO] Analyzing wallet: 3TZphSCN...crQ3
2026-04-06 14:34:59,061 [INFO] Analyzing wallet: 88QETSdW...bucJ
2026-04-06 14:35:03,960 [INFO] Analyzing wallet: FnYE3Vne...8t36
2026-04-06 14:35:14,758 [INFO] Analyzing wallet: FQgtfugB...ErhY
2026-04-06 14:35:14,916 [INFO] Analyzing wallet: QBxWyAKu...hH49
2026-04-06 14:35:15,484 [INFO] Analyzing wallet: BdSer1Ln...gcKj
2026-04-06 14:35:23,288 [INFO] Analyzing wallet: EFTpuqsZ...tCLC
2026-04-06 14:35:23,857 [INFO] Analyzing wallet: 2fGDp78A...zNya
2026-04-06 14:35:26,827 [INFO] Analyzing wallet: CeSCa4o2...LVA5
2026-04-06 14:35:28,301 [INFO] Analyzing wallet: B6ieE5YT...Ue7J
2026-04-06 14:35:29,916 [INFO] Analyzing wallet: 681Cg1mv...thB8
2026-04-06 14:35:31,260 [INFO] Analyzing wallet: EchesyfX...Gnvp
2026-04-06 14:35:33,174 [INFO] Analyzing wallet: 8iEggpDP...JJgG
2026-04-06 14:35:33,776 [INFO] Analyzing wallet: Aj1BnV6L...pA4c
2026-04-06 14:35:36,037 [INFO] Analyzing wallet: 4J8gLDLK...sYbr
2026-04-06 14:35:38,452 [INFO] Analyzing wallet: A8eWEe4r...8aJW
2026-04-06 14:35:50,501 [INFO] Analyzing wallet: 7GyAsVqy...t1CQ
2026-04-06 14:35:51,790 [INFO] Analyzing wallet: 57KxbYqC...ejF4
2026-04-06 14:35:59,756 [INFO] Analyzing wallet: 7qGso92C...WSc6
2026-04-06 14:36:00,671 [INFO] Analyzing wallet: D2SXYQee...V1PG
2026-04-06 14:36:01,236 [INFO] Analyzing wallet: CyBjGpte...xZES
2026-04-06 14:36:10,151 [INFO] Analyzing wallet: 8EaMQJC5...y7cY
2026-04-06 14:36:14,807 [INFO] Analyzing wallet: 4E5E6gan...N7T8
2026-04-06 14:36:24,416 [INFO] Analyzing wallet: 7ED1ycAr...2mnU
2026-04-06 14:36:25,281 [INFO] Analyzing wallet: 5Z84wihC...9WGF
2026-04-06 14:36:33,997 [INFO] Analyzing wallet: 9BB6NFEc...pump
2026-04-06 14:36:39,282 [INFO] Analyzing wallet: 3X9M4kG5...Jnmk
2026-04-06 14:36:43,676 [INFO] Analyzing wallet: AydarWia...n1j5
2026-04-06 14:36:48,352 [INFO] Analyzing wallet: AN7JGndF...VZHH
2026-04-06 14:36:49,676 [INFO] Analyzing wallet: ZLpfJreh...Dmog
2026-04-06 14:36:49,825 [INFO] Analyzing wallet: 69YWzbWd...LVpL
2026-04-06 14:36:59,451 [INFO] Analyzing wallet: FyWm64Qj...3fqR
2026-04-06 14:37:02,387 [INFO] Analyzing wallet: 5sr9ivYP...RSDD
2026-04-06 14:37:02,924 [INFO] Analyzing wallet: BGUMAp9G...RPUY
2026-04-06 14:37:06,034 [INFO] Analyzing wallet: ComputeB...1111
2026-04-06 14:37:12,714 [INFO] Analyzing wallet: 2YMuEAXa...pJSw
2026-04-06 14:37:12,750 [INFO] Analyzing wallet: 5t8MoHLR...pUrt
2026-04-06 14:37:13,316 [INFO] Analyzing wallet: 1YukAxo5...TStU
2026-04-06 14:37:27,164 [INFO] Analyzing wallet: 6Swj5trB...pump
2026-04-06 14:37:27,647 [INFO] Analyzing wallet: 6ez9w2Yk...7fyd
2026-04-06 14:37:30,510 [INFO] Analyzing wallet: H9HQK77x...9GVx
2026-04-06 14:37:34,567 [INFO] Analyzing wallet: 9WzDXwBb...AWWM
2026-04-06 14:37:38,415 [INFO] Analyzing wallet: BZLbGTNC...646K
2026-04-06 14:37:46,103 [INFO] Analyzing wallet: 5kEMiRjx...dQLE
2026-04-06 14:37:51,734 [INFO] Analyzing wallet: 6LDiQyc4...9gi1
2026-04-06 14:37:52,255 [INFO] Analyzing wallet: Es9vMFrz...wNYB
2026-04-06 14:37:52,835 [INFO] Analyzing wallet: 4WRN1zDz...abqw
2026-04-06 14:37:59,587 [INFO] Analyzing wallet: 8jtHXYdW...UHHL
2026-04-06 14:38:06,636 [INFO] Analyzing wallet: 35ukP14B...9v9h
2026-04-06 14:38:08,520 [INFO] Analyzing wallet: 2RH6rUTP...FFSK
2026-04-06 14:38:11,105 [INFO] Analyzing wallet: E1DFZx4r...biVn
2026-04-06 14:38:12,964 [INFO] Analyzing wallet: 2k71Am6k...oQkX
2026-04-06 14:38:18,456 [INFO] Analyzing wallet: 4FxdtbKE...KfQf
2026-04-06 14:38:19,048 [INFO] Analyzing wallet: Fd4B1fgn...jq5Q
2026-04-06 14:38:20,989 [INFO] Analyzing wallet: FKenFviZ...tq9S
2026-04-06 14:38:21,701 [INFO] Analyzing wallet: 6iQKfEyh...pVSS
2026-04-06 14:38:30,930 [INFO] Analyzing wallet: xwiHRQVE...HJcs
2026-04-06 14:38:36,891 [INFO] Analyzing wallet: 7VHUFJHW...4BmE
2026-04-06 14:38:41,898 [INFO] Analyzing wallet: 9o3Rko5a...2AfX
2026-04-06 14:38:45,422 [INFO] Analyzing wallet: Stake111...1111
2026-04-06 14:38:54,064 [INFO] Analyzing wallet: Apd2UZRS...HdpA
2026-04-06 14:39:01,567 [INFO] Analyzing wallet: t5wdhv6Q...1z2x
2026-04-06 14:39:02,133 [INFO] Analyzing wallet: 8rMNiDgw...TcDi
2026-04-06 14:39:02,695 [INFO] Analyzing wallet: 3TjMSayU...HRXX
2026-04-06 14:39:04,761 [INFO] Analyzing wallet: 4ZJhPQAg...kbPY
2026-04-06 14:39:09,895 [INFO] Analyzing wallet: 7ePPfWrg...4oep
2026-04-06 14:39:17,237 [INFO] Analyzing wallet: 7sSZwuWc...YA8c
2026-04-06 14:39:18,595 [INFO] Analyzing wallet: B6q6qUqP...ecgN
2026-04-06 14:39:23,099 [INFO] Analyzing wallet: 4FkPPicJ...pxat
2026-04-06 14:39:24,703 [INFO] Analyzing wallet: 29Toh2Ff...5dwN
2026-04-06 14:39:31,093 [INFO] Analyzing wallet: ATokenGP...8knL
2026-04-06 14:39:31,777 [INFO] Analyzing wallet: 93fdLntn...iti6
2026-04-06 14:39:32,380 [INFO] Analyzing wallet: 3MJjTxPi...ZXzP
2026-04-06 14:39:40,025 [INFO] Analyzing wallet: 4d7hkcY3...pump
2026-04-06 14:39:48,545 [INFO] Analyzing wallet: GzcDtVru...zvQB
2026-04-06 14:39:51,145 [INFO] Analyzing wallet: 3ZHE4SV9...5nWt
2026-04-06 14:39:52,066 [INFO] Analyzing wallet: 5Pg6jJkW...cH6d
2026-04-06 14:40:16,373 [INFO] Results saved to wallet_analysis_results.csv
2026-04-06 14:47:11,418 [INFO] Discovering wallets from 6 seeds, target: 100
2026-04-06 14:47:15,144 [INFO]   Discovered 66 wallets so far...
2026-04-06 14:47:18,322 [INFO]   Discovered 113 wallets so far...
2026-04-06 14:47:18,324 [INFO] Discovery complete: 100 wallets found
2026-04-06 14:47:18,325 [INFO] Starting analysis of 100 wallets...
2026-04-06 14:47:18,326 [INFO] Analyzing wallet: SysvarC1...1111
2026-04-06 14:47:18,328 [INFO] Analyzing wallet: 3MJjTxPi...ZXzP
2026-04-06 14:47:18,329 [INFO] Analyzing wallet: 7ePPfWrg...4oep
2026-04-06 14:47:18,330 [INFO] Analyzing wallet: E1DFZx4r...biVn
2026-04-06 14:47:27,984 [INFO] Analyzing wallet: 6Swj5trB...pump
2026-04-06 14:47:28,305 [INFO] Analyzing wallet: 8jtHXYdW...UHHL
2026-04-06 14:47:28,470 [INFO] Analyzing wallet: EFTpuqsZ...tCLC
2026-04-06 14:47:29,074 [INFO] Analyzing wallet: CyBjGpte...xZES
2026-04-06 14:47:30,979 [INFO] Analyzing wallet: 7sSZwuWc...YA8c
2026-04-06 14:47:35,388 [INFO] Analyzing wallet: 3ZHE4SV9...5nWt
2026-04-06 14:47:36,987 [INFO] Analyzing wallet: FKenFviZ...tq9S
2026-04-06 14:47:37,547 [INFO] Analyzing wallet: A8eWEe4r...8aJW
2026-04-06 14:47:37,677 [INFO] Analyzing wallet: 9n5xXtj4...DrGP
2026-04-06 14:47:42,462 [INFO] Analyzing wallet: H4yiPhdS...agFZ
2026-04-06 14:47:44,613 [INFO] Analyzing wallet: G62LeCBe...GqW6
2026-04-06 14:47:47,240 [INFO] Analyzing wallet: B6q6qUqP...ecgN
2026-04-06 14:47:52,984 [INFO] Analyzing wallet: Aj1BnV6L...pA4c
2026-04-06 14:47:55,083 [INFO] Analyzing wallet: 6ez9w2Yk...7fyd
2026-04-06 14:47:56,407 [INFO] Analyzing wallet: 88QETSdW...bucJ
2026-04-06 14:48:00,709 [INFO] Analyzing wallet: Gx844Bgd...ELf7
2026-04-06 14:48:01,268 [INFO] Analyzing wallet: 7qGso92C...WSc6
2026-04-06 14:48:04,439 [INFO] Analyzing wallet: 3TZphSCN...crQ3
2026-04-06 14:48:05,849 [INFO] Analyzing wallet: 93fdLntn...iti6
2026-04-06 14:48:06,434 [INFO] Analyzing wallet: ComputeB...1111
2026-04-06 14:48:08,306 [INFO] Analyzing wallet: Apd2UZRS...HdpA
2026-04-06 14:48:10,671 [INFO] Analyzing wallet: 681Cg1mv...thB8
2026-04-06 14:48:11,766 [INFO] Analyzing wallet: 4d7hkcY3...pump
2026-04-06 14:48:17,503 [INFO] Analyzing wallet: H9HQK77x...9GVx
2026-04-06 14:48:18,799 [INFO] Analyzing wallet: 3TjMSayU...HRXX
2026-04-06 14:48:20,677 [INFO] Analyzing wallet: 5t8MoHLR...pUrt
2026-04-06 14:48:20,710 [INFO] Analyzing wallet: Fd4B1fgn...jq5Q
2026-04-06 14:48:21,179 [INFO] Analyzing wallet: 9BB6NFEc...pump
2026-04-06 14:48:22,061 [INFO] Analyzing wallet: F1oKf1z5...NX74
2026-04-06 14:48:28,372 [INFO] Analyzing wallet: 2YMuEAXa...pJSw
2026-04-06 14:48:29,802 [INFO] Analyzing wallet: 3DWnLmFA...Fzc4
2026-04-06 14:48:37,456 [INFO] Analyzing wallet: GWYGy3RM...C14E
2026-04-06 14:48:37,744 [INFO] Analyzing wallet: 6Rwcmkz9...YnUt
2026-04-06 14:48:45,651 [INFO] Analyzing wallet: 4E5E6gan...N7T8
2026-04-06 14:48:46,445 [INFO] Analyzing wallet: 57KxbYqC...ejF4
2026-04-06 14:48:52,368 [INFO] Analyzing wallet: 7Cm4Dk3b...ptkb
2026-04-06 14:48:52,931 [INFO] Analyzing wallet: 9WzDXwBb...AWWM
2026-04-06 14:48:55,550 [INFO] Analyzing wallet: DfPNxd31...MC9d
2026-04-06 14:48:55,596 [INFO] Analyzing wallet: Bua8zamu...6NLC
2026-04-06 14:48:56,114 [INFO] Analyzing wallet: 8iEggpDP...JJgG
2026-04-06 14:48:56,686 [INFO] Analyzing wallet: 5phYDggu...Chcj
2026-04-06 14:48:59,987 [INFO] Analyzing wallet: 4FxdtbKE...KfQf
2026-04-06 14:49:00,540 [INFO] Analyzing wallet: J4Y7NJjP...ezAz
2026-04-06 14:49:02,202 [INFO] Analyzing wallet: 4ZJhPQAg...kbPY
2026-04-06 14:49:04,167 [INFO] Analyzing wallet: AebC4EUC...2CBL
2026-04-06 14:49:07,078 [INFO] Analyzing wallet: 7GyAsVqy...t1CQ
2026-04-06 14:49:07,852 [INFO] Analyzing wallet: GzcDtVru...zvQB
2026-04-06 14:49:07,907 [INFO] Analyzing wallet: 5dUr8rt3...8u9J
2026-04-06 14:49:08,464 [INFO] Analyzing wallet: JUPs5LZp...LSsh
2026-04-06 14:49:11,250 [INFO] Analyzing wallet: 11111111...1111
2026-04-06 14:49:16,304 [INFO] Analyzing wallet: 6LDiQyc4...9gi1
2026-04-06 14:49:16,804 [INFO] Analyzing wallet: AW8mZaKJ...s3SG
2026-04-06 14:49:16,831 [INFO] Analyzing wallet: 1YukAxo5...TStU
2026-04-06 14:49:17,370 [INFO] Analyzing wallet: B6ieE5YT...Ue7J
2026-04-06 14:49:17,842 [INFO] Analyzing wallet: 35ukP14B...9v9h
2026-04-06 14:49:19,569 [INFO] Analyzing wallet: BZLbGTNC...646K
2026-04-06 14:49:25,320 [INFO] Analyzing wallet: 3ZjVW1aj...GwAV
2026-04-06 14:49:25,403 [INFO] Analyzing wallet: 9o3Rko5a...2AfX
2026-04-06 14:49:25,844 [INFO] Analyzing wallet: 7UbiUnSZ...Cray
2026-04-06 14:49:27,235 [INFO] Analyzing wallet: FnYE3Vne...8t36
2026-04-06 14:49:27,832 [INFO] Analyzing wallet: D2SXYQee...V1PG
2026-04-06 14:49:28,372 [INFO] Analyzing wallet: ZLpfJreh...Dmog
2026-04-06 14:49:28,712 [INFO] Analyzing wallet: 3X9M4kG5...Jnmk
2026-04-06 14:49:33,104 [INFO] Analyzing wallet: Stake111...1111
2026-04-06 14:49:34,709 [INFO] Analyzing wallet: 4WRN1zDz...abqw
2026-04-06 14:49:36,663 [INFO] Analyzing wallet: DMfkLi5W...c1x7
2026-04-06 14:49:37,364 [INFO] Analyzing wallet: 5Pg6jJkW...cH6d
2026-04-06 14:49:37,396 [INFO] Analyzing wallet: 4FkPPicJ...pxat
2026-04-06 14:49:38,675 [INFO] Analyzing wallet: BGUMAp9G...RPUY
2026-04-06 14:49:40,727 [INFO] Analyzing wallet: EzmsHQ2Y...vYdD
2026-04-06 14:49:46,969 [INFO] Analyzing wallet: 8EaMQJC5...y7cY
2026-04-06 14:49:50,159 [INFO] Analyzing wallet: EchesyfX...Gnvp
2026-04-06 14:49:55,794 [INFO] Analyzing wallet: FyWm64Qj...3fqR
2026-04-06 14:49:56,062 [INFO] Analyzing wallet: 3Le8ZkQn...pump
2026-04-06 14:49:57,272 [INFO] Analyzing wallet: 69YWzbWd...LVpL
2026-04-06 14:50:00,595 [INFO] Analyzing wallet: CeSCa4o2...LVA5
2026-04-06 14:50:01,277 [INFO] Analyzing wallet: BdSer1Ln...gcKj
2026-04-06 14:50:02,678 [INFO] Analyzing wallet: 5sr9ivYP...RSDD
2026-04-06 14:50:02,689 [INFO] Analyzing wallet: 4J8gLDLK...sYbr
2026-04-06 14:50:03,185 [INFO] Analyzing wallet: D6WbNcsF...vmRu
2026-04-06 14:50:05,565 [INFO] Analyzing wallet: 8rMNiDgw...TcDi
2026-04-06 14:50:06,131 [INFO] Analyzing wallet: t5wdhv6Q...1z2x
2026-04-06 14:50:06,743 [INFO] Analyzing wallet: ATokenGP...8knL
2026-04-06 14:50:09,983 [INFO] Analyzing wallet: AN7JGndF...VZHH
2026-04-06 14:50:11,961 [INFO] Analyzing wallet: FtQs9sfg...KTuw
2026-04-06 14:50:12,518 [INFO] Analyzing wallet: F9fZreLY...P28C
2026-04-06 14:50:12,645 [INFO] Analyzing wallet: AVzP2GeR...QK49
2026-04-06 14:50:15,911 [INFO] Analyzing wallet: E7Dz3H57...4XqC
2026-04-06 14:50:19,237 [INFO] Analyzing wallet: AydarWia...n1j5
2026-04-06 14:50:21,281 [INFO] Analyzing wallet: xwiHRQVE...HJcs
2026-04-06 14:50:24,782 [INFO] Analyzing wallet: 5Z84wihC...9WGF
2026-04-06 14:50:25,236 [WARNING] RPC call failed (attempt 1/3): 429 Client Error: Too Many Requests for url: https://mainnet.helius-rpc.com/?api-key=9a15a595-ce42-4420-b97f-a1b356466c4f. Retrying in 1s...
2026-04-06 14:50:25,265 [INFO] Analyzing wallet: zvYPtfpD...eQ8X
2026-04-06 14:50:26,368 [WARNING] RPC call failed (attempt 1/3): 429 Client Error: Too Many Requests for url: https://mainnet.helius-rpc.com/?api-key=9a15a595-ce42-4420-b97f-a1b356466c4f. Retrying in 1s...
2026-04-06 14:50:27,070 [WARNING] RPC call failed (attempt 1/3): 429 Client Error: Too Many Requests for url: https://mainnet.helius-rpc.com/?api-key=9a15a595-ce42-4420-b97f-a1b356466c4f. Retrying in 1s...
2026-04-06 14:50:27,488 [WARNING] RPC call failed (attempt 1/3): 429 Client Error: Too Many Requests for url: https://mainnet.helius-rpc.com/?api-key=9a15a595-ce42-4420-b97f-a1b356466c4f. Retrying in 1s...
2026-04-06 14:50:28,254 [WARNING] RPC call failed (attempt 1/3): 429 Client Error: Too Many Requests for url: https://mainnet.helius-rpc.com/?api-key=9a15a595-ce42-4420-b97f-a1b356466c4f. Retrying in 1s...
2026-04-06 14:50:31,210 [INFO] Analyzing wallet: Es9vMFrz...wNYB
2026-04-06 14:50:34,182 [INFO] Analyzing wallet: 7i5KKsX2...pfRx
2026-04-06 14:50:35,927 [INFO] Analyzing wallet: FQgtfugB...ErhY
2026-04-06 14:50:40,301 [INFO] Analyzing wallet: 6umTMY6n...9h9R
2026-04-06 14:50:56,093 [INFO] Results saved to wallet_analysis_results.csv
